<?xml version="1.0" encoding="UTF-8"?>
<!-- Generated by org.testng.reporters.JUnitXMLReporter -->
<testsuite ignored="0" hostname="MAC-201192.local" failures="0" tests="5" name="Default test" time="17.298" errors="0" timestamp="2024-06-24T15:35:42 WIB">
  <testcase classname="com.tests.TestExample" name="testFive" time="4.333"/>
  <testcase classname="com.tests.TestExample" name="testFour" time="3.31"/>
  <testcase classname="com.tests.TestExample" name="testOne" time="3.07"/>
  <testcase classname="com.tests.TestExample" name="testThree" time="3.382"/>
  <testcase classname="com.tests.TestExample" name="testTwo" time="3.175"/>
</testsuite> <!-- Default test -->
