<?xml version="1.0" encoding="UTF-8"?>
<testng-results ignored="0" total="5" passed="5" failed="0" skipped="0">
  <reporter-output>
  </reporter-output>
  <suite started-at="2024-06-24T15:35:20 WIB" name="Default suite" finished-at="2024-06-24T15:35:37 WIB" duration-ms="17298">
    <groups>
    </groups>
    <test started-at="2024-06-24T15:35:20 WIB" name="Default test" finished-at="2024-06-24T15:35:37 WIB" duration-ms="17298">
      <class name="com.tests.TestExample">
        <test-method signature="testFive()[pri:0, instance:com.tests.TestExample@55a147cc]" started-at="2024-06-24T15:35:20 WIB" name="testFive" finished-at="2024-06-24T15:35:24 WIB" duration-ms="4333" status="PASS">
          <reporter-output>
          </reporter-output>
        </test-method> <!-- testFive -->
        <test-method signature="testFour()[pri:0, instance:com.tests.TestExample@55a147cc]" started-at="2024-06-24T15:35:24 WIB" name="testFour" finished-at="2024-06-24T15:35:27 WIB" duration-ms="3310" status="PASS">
          <reporter-output>
          </reporter-output>
        </test-method> <!-- testFour -->
        <test-method signature="testOne()[pri:0, instance:com.tests.TestExample@55a147cc]" started-at="2024-06-24T15:35:27 WIB" name="testOne" finished-at="2024-06-24T15:35:30 WIB" duration-ms="3070" status="PASS">
          <reporter-output>
          </reporter-output>
        </test-method> <!-- testOne -->
        <test-method signature="testThree()[pri:0, instance:com.tests.TestExample@55a147cc]" started-at="2024-06-24T15:35:30 WIB" name="testThree" finished-at="2024-06-24T15:35:34 WIB" duration-ms="3382" status="PASS">
          <reporter-output>
          </reporter-output>
        </test-method> <!-- testThree -->
        <test-method signature="testTwo()[pri:0, instance:com.tests.TestExample@55a147cc]" started-at="2024-06-24T15:35:34 WIB" name="testTwo" finished-at="2024-06-24T15:35:37 WIB" duration-ms="3175" status="PASS">
          <reporter-output>
          </reporter-output>
        </test-method> <!-- testTwo -->
      </class> <!-- com.tests.TestExample -->
    </test> <!-- Default test -->
  </suite> <!-- Default suite -->
</testng-results>
